<?xml version="1.0" encoding="UTF-8"?>
<!-- Generated by org.testng.reporters.JUnitReportReporter -->
<testsuite hostname="DESKTOP-MQMJHOP" failures="0" tests="1" name="testScripts.CoreJavaSelenium" time="40.657" errors="0" timestamp="2021-11-19T21:22:49 IST" skipped="0">
  <testcase classname="testScripts.CoreJavaSelenium" name="tc2" time="40.657"/>
  <system-out/>
</testsuite> <!-- testScripts.CoreJavaSelenium -->
