<?xml version="1.0" encoding="UTF-8"?>
<!-- Generated by org.testng.reporters.JUnitReportReporter -->
<testsuite hostname="DESKTOP-MQMJHOP" failures="0" tests="1" name="testScripts.AddingCourseToCart" time="9.090" errors="0" timestamp="2021-11-16T15:11:59 IST" skipped="0">
  <testcase classname="testScripts.AddingCourseToCart" name="tc1" time="9.090"/>
  <system-out/>
</testsuite> <!-- testScripts.AddingCourseToCart -->
